2023-03-31 16:42:55,943 [CRITICAL] Traceback (most recent call last):
  File "/home/rajesh/Desktop/mirapie-master/mirapie.py", line 80, in mirapie
    return get_instructions(args)
           ^^^^^^^^^^^^^^^^^^^^^^
  File "/home/rajesh/Desktop/mirapie-master/mirapie.py", line 65, in get_instructions
    mr = Mira(settings =     load(args["preset"]),
                             ^^^^^^^^^^^^^^^^^^^^
  File "/home/rajesh/Desktop/mirapie-master/mirapie.py", line 56, in load
    presets = yaml.load(file_descriptor)
              ^^^^^^^^^^^^^^^^^^^^^^^^^^
TypeError: load() missing 1 required positional argument: 'Loader'

2023-03-31 16:43:08,710 [CRITICAL] Traceback (most recent call last):
  File "/home/rajesh/Desktop/mirapie-master/mirapie.py", line 80, in mirapie
    return get_instructions(args)
           ^^^^^^^^^^^^^^^^^^^^^^
  File "/home/rajesh/Desktop/mirapie-master/mirapie.py", line 65, in get_instructions
    mr = Mira(settings =     load(args["preset"]),
                             ^^^^^^^^^^^^^^^^^^^^
  File "/home/rajesh/Desktop/mirapie-master/mirapie.py", line 56, in load
    presets = yaml.load(file_descriptor)
              ^^^^^^^^^^^^^^^^^^^^^^^^^^
TypeError: load() missing 1 required positional argument: 'Loader'

2023-03-31 16:43:53,098 [CRITICAL] Traceback (most recent call last):
  File "/home/rajesh/Desktop/mirapie-master/mirapie.py", line 80, in mirapie
    return get_instructions(args)
           ^^^^^^^^^^^^^^^^^^^^^^
  File "/home/rajesh/Desktop/mirapie-master/mirapie.py", line 65, in get_instructions
    mr = Mira(settings =     load(args["preset"]),
                             ^^^^^^^^^^^^^^^^^^^^
  File "/home/rajesh/Desktop/mirapie-master/mirapie.py", line 56, in load
    presets = yaml.load(file_descriptor)
              ^^^^^^^^^^^^^^^^^^^^^^^^^^
TypeError: load() missing 1 required positional argument: 'Loader'

2023-03-31 16:56:18,786 [CRITICAL] Traceback (most recent call last):
  File "/home/rajesh/Desktop/mirapie-master/mirapie.py", line 80, in mirapie
    return get_instructions(args)
           ^^^^^^^^^^^^^^^^^^^^^^
  File "/home/rajesh/Desktop/mirapie-master/mirapie.py", line 65, in get_instructions
    mr = Mira(settings =     load(args["preset"]),
                             ^^^^^^^^^^^^^^^^^^^^
  File "/home/rajesh/Desktop/mirapie-master/mirapie.py", line 56, in load
    presets = yaml.load(file_descriptor)
              ^^^^^^^^^^^^^^^^^^^^^^^^^^
TypeError: load() missing 1 required positional argument: 'Loader'

2023-03-31 16:56:22,890 [CRITICAL] Traceback (most recent call last):
  File "/home/rajesh/Desktop/mirapie-master/mirapie.py", line 80, in mirapie
    return get_instructions(args)
           ^^^^^^^^^^^^^^^^^^^^^^
  File "/home/rajesh/Desktop/mirapie-master/mirapie.py", line 65, in get_instructions
    mr = Mira(settings =     load(args["preset"]),
                             ^^^^^^^^^^^^^^^^^^^^
  File "/home/rajesh/Desktop/mirapie-master/mirapie.py", line 56, in load
    presets = yaml.load(file_descriptor)
              ^^^^^^^^^^^^^^^^^^^^^^^^^^
TypeError: load() missing 1 required positional argument: 'Loader'

2023-03-31 16:59:42,742 [CRITICAL] Traceback (most recent call last):
  File "/home/rajesh/Desktop/mirapie-master/mirapie.py", line 80, in mirapie
    return get_instructions(args)
           ^^^^^^^^^^^^^^^^^^^^^^
  File "/home/rajesh/Desktop/mirapie-master/mirapie.py", line 65, in get_instructions
    mr = Mira(settings =     load(args["preset"]),
                             ^^^^^^^^^^^^^^^^^^^^
  File "/home/rajesh/Desktop/mirapie-master/mirapie.py", line 56, in load
    presets = yaml.load(file_descriptor)
              ^^^^^^^^^^^^^^^^^^^^^^^^^^
TypeError: load() missing 1 required positional argument: 'Loader'

2023-03-31 17:07:44,185 [CRITICAL] Traceback (most recent call last):
  File "/home/rajesh/Desktop/mirapie-master/mirapie.py", line 80, in mirapie
    return get_instructions(args)
           ^^^^^^^^^^^^^^^^^^^^^^
  File "/home/rajesh/Desktop/mirapie-master/mirapie.py", line 65, in get_instructions
    mr = Mira(settings =     load(args["preset"]),
                             ^^^^^^^^^^^^^^^^^^^^
  File "/home/rajesh/Desktop/mirapie-master/mirapie.py", line 56, in load
    presets = yaml.load(file_descriptor)
              ^^^^^^^^^^^^^^^^^^^^^^^^^^
TypeError: load() missing 1 required positional argument: 'Loader'

2023-03-31 17:08:43,165 [CRITICAL] Traceback (most recent call last):
  File "/home/rajesh/Desktop/mirapie-master/mirapie.py", line 80, in mirapie
    return get_instructions(args)
           ^^^^^^^^^^^^^^^^^^^^^^
  File "/home/rajesh/Desktop/mirapie-master/mirapie.py", line 65, in get_instructions
    mr = Mira(settings =     load(args["preset"]),
                             ^^^^^^^^^^^^^^^^^^^^
  File "/home/rajesh/Desktop/mirapie-master/mirapie.py", line 56, in load
    presets = yaml.load(file_descriptor)
              ^^^^^^^^^^^^^^^^^^^^^^^^^^
TypeError: load() missing 1 required positional argument: 'Loader'

2023-03-31 17:09:19,073 [CRITICAL] Traceback (most recent call last):
  File "/home/rajesh/Desktop/mirapie-master/mirapie.py", line 80, in mirapie
    return get_instructions(args)
           ^^^^^^^^^^^^^^^^^^^^^^
  File "/home/rajesh/Desktop/mirapie-master/mirapie.py", line 65, in get_instructions
    mr = Mira(settings =     load_(args["preset"]),
                             ^^^^^^^^^^^^^^^^^^^^^
  File "/home/rajesh/Desktop/mirapie-master/mirapie.py", line 56, in load_
    presets = yaml.load(file_descriptor)
              ^^^^^^^^^^^^^^^^^^^^^^^^^^
TypeError: load() missing 1 required positional argument: 'Loader'

2023-03-31 17:09:39,511 [CRITICAL] Traceback (most recent call last):
  File "/home/rajesh/Desktop/mirapie-master/mirapie.py", line 80, in mirapie
    return get_instructions(args)
           ^^^^^^^^^^^^^^^^^^^^^^
  File "/home/rajesh/Desktop/mirapie-master/mirapie.py", line 65, in get_instructions
    mr = Mira(settings =     load(args["preset"]),
                             ^^^^^^^^^^^^^^^^^^^^
  File "/home/rajesh/Desktop/mirapie-master/mirapie.py", line 56, in load
    presets = yaml.load(file_descriptor)
              ^^^^^^^^^^^^^^^^^^^^^^^^^^
TypeError: load() missing 1 required positional argument: 'Loader'

2023-03-31 17:09:44,476 [CRITICAL] Traceback (most recent call last):
  File "/home/rajesh/Desktop/mirapie-master/mirapie.py", line 80, in mirapie
    return get_instructions(args)
           ^^^^^^^^^^^^^^^^^^^^^^
  File "/home/rajesh/Desktop/mirapie-master/mirapie.py", line 65, in get_instructions
    mr = Mira(settings =     load(args["preset"]),
                             ^^^^^^^^^^^^^^^^^^^^
  File "/home/rajesh/Desktop/mirapie-master/mirapie.py", line 56, in load
    presets = yaml.load(file_descriptor)
              ^^^^^^^^^^^^^^^^^^^^^^^^^^
TypeError: load() missing 1 required positional argument: 'Loader'

2023-03-31 17:10:51,562 [CRITICAL] Traceback (most recent call last):
  File "/home/rajesh/Desktop/mirapie-master/mirapie.py", line 80, in mirapie
    return get_instructions(args)
           ^^^^^^^^^^^^^^^^^^^^^^
  File "/home/rajesh/Desktop/mirapie-master/mirapie.py", line 65, in get_instructions
    mr = Mira(settings =     load(args["preset"]),
                             ^^^^^^^^^^^^^^^^^^^^
  File "/home/rajesh/Desktop/mirapie-master/mirapie.py", line 56, in load
    presets = yaml.load(file_descriptor)
              ^^^^^^^^^^^^^^^^^^^^^^^^^^
TypeError: load() missing 1 required positional argument: 'Loader'

2023-03-31 17:11:21,556 [CRITICAL] Traceback (most recent call last):
  File "/home/rajesh/Desktop/mirapie-master/mirapie.py", line 81, in mirapie
    return get_instructions(args)
           ^^^^^^^^^^^^^^^^^^^^^^
  File "/home/rajesh/Desktop/mirapie-master/mirapie.py", line 66, in get_instructions
    mr = Mira(settings =     load(args["preset"]),
                             ^^^^^^^^^^^^^^^^^^^^
  File "/home/rajesh/Desktop/mirapie-master/mirapie.py", line 56, in load
    presets = yaml.load(file_descriptor)
              ^^^^^^^^^^^^^^^^^^^^^^^^^^
TypeError: load() missing 1 required positional argument: 'Loader'

2023-03-31 17:12:02,091 [CRITICAL] Traceback (most recent call last):
  File "/home/rajesh/Desktop/mirapie-master/mirapie.py", line 81, in mirapie
    return get_instructions(args)
           ^^^^^^^^^^^^^^^^^^^^^^
  File "/home/rajesh/Desktop/mirapie-master/mirapie.py", line 66, in get_instructions
    mr = Mira(settings =     load(args["preset"]),
                             ^^^^^^^^^^^^^^^^^^^^
  File "/home/rajesh/Desktop/mirapie-master/mirapie.py", line 57, in load
    presets = yaml.load(file_descriptor)
              ^^^^^^^^^^^^^^^^^^^^^^^^^^
TypeError: load() missing 1 required positional argument: 'Loader'

2023-03-31 17:13:37,337 [INFO] MIRA inizialization
2023-03-31 17:13:37,339 [DEBUG] ... done.
2023-03-31 17:13:37,340 [INFO] Perform interference reduction per chunks: 2 chunk of 15 seconds each
2023-03-31 17:13:37,342 [INFO] interference matrix loaded
2023-03-31 17:13:37,342 [WARNING] Estimation of interference matrix
2023-03-31 17:13:37,342 [INFO] loading    1/6:    mix_01_Piano.wav
2023-03-31 17:13:37,351 [INFO] Removing temporal files...
2023-03-31 17:13:37,352 [CRITICAL] Traceback (most recent call last):
  File "/home/rajesh/Desktop/mirapie-master/mirapie.py", line 73, in get_instructions
    return mr.actions[args["mode"]](mr)
           ^^^^^^^^^^^^^^^^^^^^^^^^^^^^
  File "/home/rajesh/Desktop/mirapie-master/mira.py", line 205, in remove_interference_chunk
    self.build_stft_matrix_and_spectragram()
  File "/home/rajesh/Desktop/mirapie-master/mira.py", line 486, in build_stft_matrix_and_spectragram
    sig_in_freq = stft.stft(wav.to_mono(sig_in_time),
                  ^^^^^^^^^^^^^^^^^^^^^^^^^^^^^^^^^^^
  File "/home/rajesh/Desktop/mirapie-master/utils/stft.py", line 293, in stft
    stft = split(sig, frameShape, hop, True,verbose)
           ^^^^^^^^^^^^^^^^^^^^^^^^^^^^^^^^^^^^^^^^^
  File "/home/rajesh/Desktop/mirapie-master/utils/stft.py", line 134, in split
    sigFrame = sig[frameRange]
               ~~~^^^^^^^^^^^^
IndexError: only integers, slices (`:`), ellipsis (`...`), numpy.newaxis (`None`) and integer or boolean arrays are valid indices

During handling of the above exception, another exception occurred:

Traceback (most recent call last):
  File "/home/rajesh/Desktop/mirapie-master/mirapie.py", line 82, in mirapie
    return get_instructions(args)
           ^^^^^^^^^^^^^^^^^^^^^^
  File "/home/rajesh/Desktop/mirapie-master/mirapie.py", line 75, in get_instructions
    mr.delete_tmp_X_gains()
  File "/home/rajesh/Desktop/mirapie-master/mira.py", line 881, in delete_tmp_X_gains
    os.remove(path.join(self.tmp_folder, file))
FileNotFoundError: [Errno 2] No such file or directory: '/tmp/tmpy3xeeqfc/tmpX.npy'

2023-03-31 17:14:08,014 [INFO] MIRA inizialization
2023-03-31 17:14:08,015 [DEBUG] ... done.
2023-03-31 17:14:08,016 [INFO] Perform interference reduction per chunks: 2 chunk of 15 seconds each
2023-03-31 17:14:08,017 [INFO] interference matrix loaded
2023-03-31 17:14:08,017 [WARNING] Estimation of interference matrix
2023-03-31 17:14:08,017 [INFO] loading    1/6:    mix_01_Piano.wav
2023-03-31 17:14:08,025 [INFO] Removing temporal files...
2023-03-31 17:14:08,026 [CRITICAL] Traceback (most recent call last):
  File "/home/rajesh/Desktop/mirapie-master/mirapie.py", line 73, in get_instructions
    return mr.actions[args["mode"]](mr)
           ^^^^^^^^^^^^^^^^^^^^^^^^^^^^
  File "/home/rajesh/Desktop/mirapie-master/mira.py", line 205, in remove_interference_chunk
    self.build_stft_matrix_and_spectragram()
  File "/home/rajesh/Desktop/mirapie-master/mira.py", line 486, in build_stft_matrix_and_spectragram
    sig_in_freq = stft.stft(wav.to_mono(sig_in_time),
                  ^^^^^^^^^^^^^^^^^^^^^^^^^^^^^^^^^^^
  File "/home/rajesh/Desktop/mirapie-master/utils/stft.py", line 293, in stft
    stft = split(sig, frameShape, hop, True,verbose)
           ^^^^^^^^^^^^^^^^^^^^^^^^^^^^^^^^^^^^^^^^^
  File "/home/rajesh/Desktop/mirapie-master/utils/stft.py", line 134, in split
    sigFrame = sig[frameRange]
               ~~~^^^^^^^^^^^^
IndexError: only integers, slices (`:`), ellipsis (`...`), numpy.newaxis (`None`) and integer or boolean arrays are valid indices

During handling of the above exception, another exception occurred:

Traceback (most recent call last):
  File "/home/rajesh/Desktop/mirapie-master/mirapie.py", line 82, in mirapie
    return get_instructions(args)
           ^^^^^^^^^^^^^^^^^^^^^^
  File "/home/rajesh/Desktop/mirapie-master/mirapie.py", line 75, in get_instructions
    mr.delete_tmp_X_gains()
  File "/home/rajesh/Desktop/mirapie-master/mira.py", line 881, in delete_tmp_X_gains
    os.remove(path.join(self.tmp_folder, file))
FileNotFoundError: [Errno 2] No such file or directory: '/tmp/tmpgztlq1hb/tmpX.npy'

2023-03-31 17:16:01,932 [INFO] MIRA inizialization
2023-03-31 17:16:01,934 [DEBUG] ... done.
2023-03-31 17:16:01,935 [INFO] Perform interference reduction per chunks: 2 chunk of 15 seconds each
2023-03-31 17:16:01,936 [INFO] interference matrix loaded
2023-03-31 17:16:01,936 [WARNING] Estimation of interference matrix
2023-03-31 17:16:01,936 [INFO] loading    1/6:    mix_01_Piano.wav
2023-03-31 17:16:01,943 [INFO] Removing temporal files...
2023-03-31 17:16:01,944 [CRITICAL] Traceback (most recent call last):
  File "/home/rajesh/Desktop/mirapie-master/mirapie.py", line 73, in get_instructions
    return mr.actions[args["mode"]](mr)
           ^^^^^^^^^^^^^^^^^^^^^^^^^^^^
  File "/home/rajesh/Desktop/mirapie-master/mira.py", line 205, in remove_interference_chunk
    self.build_stft_matrix_and_spectragram()
  File "/home/rajesh/Desktop/mirapie-master/mira.py", line 486, in build_stft_matrix_and_spectragram
    sig_in_freq = stft.stft(wav.to_mono(sig_in_time),
                  ^^^^^^^^^^^^^^^^^^^^^^^^^^^^^^^^^^^
  File "/home/rajesh/Desktop/mirapie-master/utils/stft.py", line 293, in stft
    stft = split(sig, frameShape, hop, True,verbose)
           ^^^^^^^^^^^^^^^^^^^^^^^^^^^^^^^^^^^^^^^^^
  File "/home/rajesh/Desktop/mirapie-master/utils/stft.py", line 134, in split
    sigFrame = sig[frameRange]
               ~~~^^^^^^^^^^^^
IndexError: only integers, slices (`:`), ellipsis (`...`), numpy.newaxis (`None`) and integer or boolean arrays are valid indices

During handling of the above exception, another exception occurred:

Traceback (most recent call last):
  File "/home/rajesh/Desktop/mirapie-master/mirapie.py", line 82, in mirapie
    return get_instructions(args)
           ^^^^^^^^^^^^^^^^^^^^^^
  File "/home/rajesh/Desktop/mirapie-master/mirapie.py", line 75, in get_instructions
    mr.delete_tmp_X_gains()
  File "/home/rajesh/Desktop/mirapie-master/mira.py", line 881, in delete_tmp_X_gains
    os.remove(path.join(self.tmp_folder, file))
FileNotFoundError: [Errno 2] No such file or directory: '/tmp/tmp23vlyfna/tmpX.npy'

2023-03-31 17:16:31,105 [INFO] MIRA inizialization
2023-03-31 17:16:31,107 [DEBUG] ... done.
2023-03-31 17:16:31,108 [INFO] Perform interference reduction per chunks: 2 chunk of 15 seconds each
2023-03-31 17:16:31,109 [INFO] interference matrix loaded
2023-03-31 17:16:31,109 [WARNING] Estimation of interference matrix
2023-03-31 17:16:31,109 [INFO] loading    1/6:    mix_01_Piano.wav
2023-03-31 17:16:31,116 [INFO] Removing temporal files...
2023-03-31 17:16:31,117 [CRITICAL] Traceback (most recent call last):
  File "/home/rajesh/Desktop/mirapie-master/mirapie.py", line 73, in get_instructions
    return mr.actions[args["mode"]](mr)
           ^^^^^^^^^^^^^^^^^^^^^^^^^^^^
  File "/home/rajesh/Desktop/mirapie-master/mira.py", line 205, in remove_interference_chunk
    self.build_stft_matrix_and_spectragram()
  File "/home/rajesh/Desktop/mirapie-master/mira.py", line 486, in build_stft_matrix_and_spectragram
    sig_in_freq = stft.stft(wav.to_mono(sig_in_time),
                  ^^^^^^^^^^^^^^^^^^^^^^^^^^^^^^^^^^^
  File "/home/rajesh/Desktop/mirapie-master/utils/stft.py", line 293, in stft
    stft = split(sig, frameShape, hop, True,verbose)
           ^^^^^^^^^^^^^^^^^^^^^^^^^^^^^^^^^^^^^^^^^
  File "/home/rajesh/Desktop/mirapie-master/utils/stft.py", line 134, in split
    sigFrame = sig[frameRange]
               ~~~^^^^^^^^^^^^
IndexError: only integers, slices (`:`), ellipsis (`...`), numpy.newaxis (`None`) and integer or boolean arrays are valid indices

During handling of the above exception, another exception occurred:

Traceback (most recent call last):
  File "/home/rajesh/Desktop/mirapie-master/mirapie.py", line 82, in mirapie
    return get_instructions(args)
           ^^^^^^^^^^^^^^^^^^^^^^
  File "/home/rajesh/Desktop/mirapie-master/mirapie.py", line 75, in get_instructions
    mr.delete_tmp_X_gains()
  File "/home/rajesh/Desktop/mirapie-master/mira.py", line 882, in delete_tmp_X_gains
    os.remove(path.join(self.tmp_folder, file))
FileNotFoundError: [Errno 2] No such file or directory: '/tmp/tmpc_v09hrf/tmpX.npy'

2023-03-31 17:16:41,747 [INFO] MIRA inizialization
2023-03-31 17:16:41,749 [DEBUG] ... done.
2023-03-31 17:16:41,750 [INFO] Perform interference reduction per chunks: 2 chunk of 15 seconds each
2023-03-31 17:16:41,751 [INFO] interference matrix loaded
2023-03-31 17:16:41,751 [WARNING] Estimation of interference matrix
2023-03-31 17:16:41,751 [INFO] loading    1/6:    mix_01_Piano.wav
2023-03-31 17:16:41,759 [INFO] Removing temporal files...
2023-03-31 17:16:41,760 [CRITICAL] Traceback (most recent call last):
  File "/home/rajesh/Desktop/mirapie-master/mirapie.py", line 73, in get_instructions
    return mr.actions[args["mode"]](mr)
           ^^^^^^^^^^^^^^^^^^^^^^^^^^^^
  File "/home/rajesh/Desktop/mirapie-master/mira.py", line 205, in remove_interference_chunk
    self.build_stft_matrix_and_spectragram()
  File "/home/rajesh/Desktop/mirapie-master/mira.py", line 486, in build_stft_matrix_and_spectragram
    sig_in_freq = stft.stft(wav.to_mono(sig_in_time),
                  ^^^^^^^^^^^^^^^^^^^^^^^^^^^^^^^^^^^
  File "/home/rajesh/Desktop/mirapie-master/utils/stft.py", line 293, in stft
    stft = split(sig, frameShape, hop, True,verbose)
           ^^^^^^^^^^^^^^^^^^^^^^^^^^^^^^^^^^^^^^^^^
  File "/home/rajesh/Desktop/mirapie-master/utils/stft.py", line 134, in split
    sigFrame = sig[frameRange]
               ~~~^^^^^^^^^^^^
IndexError: only integers, slices (`:`), ellipsis (`...`), numpy.newaxis (`None`) and integer or boolean arrays are valid indices

During handling of the above exception, another exception occurred:

Traceback (most recent call last):
  File "/home/rajesh/Desktop/mirapie-master/mirapie.py", line 82, in mirapie
    return get_instructions(args)
           ^^^^^^^^^^^^^^^^^^^^^^
  File "/home/rajesh/Desktop/mirapie-master/mirapie.py", line 75, in get_instructions
    mr.delete_tmp_X_gains()
  File "/home/rajesh/Desktop/mirapie-master/mira.py", line 882, in delete_tmp_X_gains
    os.remove(path.join(self.tmp_folder, file))
FileNotFoundError: [Errno 2] No such file or directory: '/tmp/tmpapx974o_/tmpX.npy'

2023-03-31 17:17:47,810 [INFO] MIRA inizialization
2023-03-31 17:17:47,812 [DEBUG] ... done.
2023-03-31 17:17:47,813 [INFO] Perform interference reduction per chunks: 2 chunk of 15 seconds each
2023-03-31 17:17:47,814 [INFO] interference matrix loaded
2023-03-31 17:17:47,814 [WARNING] Estimation of interference matrix
2023-03-31 17:17:47,814 [INFO] loading    1/6:    mix_01_Piano.wav
2023-03-31 17:17:47,822 [CRITICAL] Traceback (most recent call last):
  File "/home/rajesh/Desktop/mirapie-master/mirapie.py", line 73, in get_instructions
    return mr.actions[args["mode"]](mr)
           ^^^^^^^^^^^^^^^^^^^^^^^^^^^^
  File "/home/rajesh/Desktop/mirapie-master/mira.py", line 205, in remove_interference_chunk
    self.build_stft_matrix_and_spectragram()
  File "/home/rajesh/Desktop/mirapie-master/mira.py", line 486, in build_stft_matrix_and_spectragram
    sig_in_freq = stft.stft(wav.to_mono(sig_in_time),
                  ^^^^^^^^^^^^^^^^^^^^^^^^^^^^^^^^^^^
  File "/home/rajesh/Desktop/mirapie-master/utils/stft.py", line 293, in stft
    stft = split(sig, frameShape, hop, True,verbose)
           ^^^^^^^^^^^^^^^^^^^^^^^^^^^^^^^^^^^^^^^^^
  File "/home/rajesh/Desktop/mirapie-master/utils/stft.py", line 134, in split
    sigFrame = sig[frameRange]
               ~~~^^^^^^^^^^^^
IndexError: only integers, slices (`:`), ellipsis (`...`), numpy.newaxis (`None`) and integer or boolean arrays are valid indices

2023-03-31 17:22:45,635 [INFO] MIRA inizialization
2023-03-31 17:22:45,637 [DEBUG] ... done.
2023-03-31 17:22:45,638 [INFO] Perform interference reduction per chunks: 2 chunk of 15 seconds each
2023-03-31 17:22:45,639 [INFO] interference matrix loaded
2023-03-31 17:22:45,639 [WARNING] Estimation of interference matrix
2023-03-31 17:22:45,639 [INFO] loading    1/6:    mix_01_Piano.wav
2023-03-31 17:22:45,647 [CRITICAL] Traceback (most recent call last):
  File "/home/rajesh/Desktop/mirapie-master/mirapie.py", line 73, in get_instructions
    return mr.actions[args["mode"]](mr)
           ^^^^^^^^^^^^^^^^^^^^^^^^^^^^
  File "/home/rajesh/Desktop/mirapie-master/mira.py", line 205, in remove_interference_chunk
    self.build_stft_matrix_and_spectragram()
  File "/home/rajesh/Desktop/mirapie-master/mira.py", line 486, in build_stft_matrix_and_spectragram
    sig_in_freq = stft.stft(wav.to_mono(sig_in_time),
                  ^^^^^^^^^^^^^^^^^^^^^^^^^^^^^^^^^^^
  File "/home/rajesh/Desktop/mirapie-master/utils/stft.py", line 294, in stft
    stft = split(sig, frameShape, hop, True,verbose)
           ^^^^^^^^^^^^^^^^^^^^^^^^^^^^^^^^^^^^^^^^^
  File "/home/rajesh/Desktop/mirapie-master/utils/stft.py", line 135, in split
    sigFrame = sig[frameRange]
               ~~~^^^^^^^^^^^^
IndexError: only integers, slices (`:`), ellipsis (`...`), numpy.newaxis (`None`) and integer or boolean arrays are valid indices

2023-03-31 17:24:05,856 [INFO] MIRA inizialization
2023-03-31 17:24:05,858 [DEBUG] ... done.
2023-03-31 17:24:05,859 [INFO] Perform interference reduction per chunks: 2 chunk of 15 seconds each
2023-03-31 17:24:05,860 [INFO] interference matrix loaded
2023-03-31 17:24:05,860 [WARNING] Estimation of interference matrix
2023-03-31 17:24:05,860 [INFO] loading    1/6:    mix_01_Piano.wav
2023-03-31 17:24:05,868 [CRITICAL] Traceback (most recent call last):
  File "/home/rajesh/Desktop/mirapie-master/mirapie.py", line 73, in get_instructions
    return mr.actions[args["mode"]](mr)
           ^^^^^^^^^^^^^^^^^^^^^^^^^^^^
  File "/home/rajesh/Desktop/mirapie-master/mira.py", line 205, in remove_interference_chunk
    self.build_stft_matrix_and_spectragram()
  File "/home/rajesh/Desktop/mirapie-master/mira.py", line 486, in build_stft_matrix_and_spectragram
    sig_in_freq = stft.stft(wav.to_mono(sig_in_time),
                  ^^^^^^^^^^^^^^^^^^^^^^^^^^^^^^^^^^^
  File "/home/rajesh/Desktop/mirapie-master/utils/stft.py", line 294, in stft
    stft = split(sig, frameShape, hop, True,verbose)
           ^^^^^^^^^^^^^^^^^^^^^^^^^^^^^^^^^^^^^^^^^
  File "/home/rajesh/Desktop/mirapie-master/utils/stft.py", line 134, in split
    print("FRAMERANGE: ", int(frameRange))
                          ^^^^^^^^^^^^^^^
TypeError: int() argument must be a string, a bytes-like object or a real number, not 'list'

2023-03-31 17:25:44,861 [INFO] MIRA inizialization
2023-03-31 17:25:44,863 [DEBUG] ... done.
2023-03-31 17:25:44,863 [INFO] Perform interference reduction per chunks: 2 chunk of 15 seconds each
2023-03-31 17:25:44,864 [INFO] interference matrix loaded
2023-03-31 17:25:44,864 [WARNING] Estimation of interference matrix
2023-03-31 17:25:44,864 [INFO] loading    1/6:    mix_01_Piano.wav
2023-03-31 17:25:44,873 [CRITICAL] Traceback (most recent call last):
  File "/home/rajesh/Desktop/mirapie-master/mirapie.py", line 73, in get_instructions
    return mr.actions[args["mode"]](mr)
           ^^^^^^^^^^^^^^^^^^^^^^^^^^^^
  File "/home/rajesh/Desktop/mirapie-master/mira.py", line 205, in remove_interference_chunk
    self.build_stft_matrix_and_spectragram()
  File "/home/rajesh/Desktop/mirapie-master/mira.py", line 486, in build_stft_matrix_and_spectragram
    sig_in_freq = stft.stft(wav.to_mono(sig_in_time),
                  ^^^^^^^^^^^^^^^^^^^^^^^^^^^^^^^^^^^
  File "/home/rajesh/Desktop/mirapie-master/utils/stft.py", line 295, in stft
    stft = split(sig, frameShape, hop, True,verbose)
           ^^^^^^^^^^^^^^^^^^^^^^^^^^^^^^^^^^^^^^^^^
  File "/home/rajesh/Desktop/mirapie-master/utils/stft.py", line 136, in split
    sigFrame = sig[frameRange]
               ~~~^^^^^^^^^^^^
IndexError: only integers, slices (`:`), ellipsis (`...`), numpy.newaxis (`None`) and integer or boolean arrays are valid indices

2023-03-31 17:26:04,712 [INFO] MIRA inizialization
2023-03-31 17:26:04,714 [DEBUG] ... done.
2023-03-31 17:26:04,714 [INFO] Perform interference reduction per chunks: 2 chunk of 15 seconds each
2023-03-31 17:26:04,715 [INFO] interference matrix loaded
2023-03-31 17:26:04,715 [WARNING] Estimation of interference matrix
2023-03-31 17:26:04,715 [INFO] loading    1/6:    mix_01_Piano.wav
2023-03-31 17:26:04,724 [CRITICAL] Traceback (most recent call last):
  File "/home/rajesh/Desktop/mirapie-master/mirapie.py", line 73, in get_instructions
    return mr.actions[args["mode"]](mr)
           ^^^^^^^^^^^^^^^^^^^^^^^^^^^^
  File "/home/rajesh/Desktop/mirapie-master/mira.py", line 205, in remove_interference_chunk
    self.build_stft_matrix_and_spectragram()
  File "/home/rajesh/Desktop/mirapie-master/mira.py", line 486, in build_stft_matrix_and_spectragram
    sig_in_freq = stft.stft(wav.to_mono(sig_in_time),
                  ^^^^^^^^^^^^^^^^^^^^^^^^^^^^^^^^^^^
  File "/home/rajesh/Desktop/mirapie-master/utils/stft.py", line 295, in stft
    stft = split(sig, frameShape, hop, True,verbose)
           ^^^^^^^^^^^^^^^^^^^^^^^^^^^^^^^^^^^^^^^^^
  File "/home/rajesh/Desktop/mirapie-master/utils/stft.py", line 136, in split
    sigFrame = sig[frameRange]
               ~~~^^^^^^^^^^^^
IndexError: only integers, slices (`:`), ellipsis (`...`), numpy.newaxis (`None`) and integer or boolean arrays are valid indices

2023-03-31 17:26:36,976 [INFO] MIRA inizialization
2023-03-31 17:26:36,978 [DEBUG] ... done.
2023-03-31 17:26:36,979 [INFO] Perform interference reduction per chunks: 2 chunk of 15 seconds each
2023-03-31 17:26:36,980 [INFO] interference matrix loaded
2023-03-31 17:26:36,980 [WARNING] Estimation of interference matrix
2023-03-31 17:26:36,980 [INFO] loading    1/6:    mix_01_Piano.wav
2023-03-31 17:26:36,988 [CRITICAL] Traceback (most recent call last):
  File "/home/rajesh/Desktop/mirapie-master/mirapie.py", line 73, in get_instructions
    return mr.actions[args["mode"]](mr)
           ^^^^^^^^^^^^^^^^^^^^^^^^^^^^
  File "/home/rajesh/Desktop/mirapie-master/mira.py", line 205, in remove_interference_chunk
    self.build_stft_matrix_and_spectragram()
  File "/home/rajesh/Desktop/mirapie-master/mira.py", line 486, in build_stft_matrix_and_spectragram
    sig_in_freq = stft.stft(wav.to_mono(sig_in_time),
                  ^^^^^^^^^^^^^^^^^^^^^^^^^^^^^^^^^^^
  File "/home/rajesh/Desktop/mirapie-master/utils/stft.py", line 295, in stft
    stft = split(sig, frameShape, hop, True,verbose)
           ^^^^^^^^^^^^^^^^^^^^^^^^^^^^^^^^^^^^^^^^^
  File "/home/rajesh/Desktop/mirapie-master/utils/stft.py", line 136, in split
    sigFrame = sig[frameRange]
               ~~~^^^^^^^^^^^^
IndexError: only integers, slices (`:`), ellipsis (`...`), numpy.newaxis (`None`) and integer or boolean arrays are valid indices

2023-03-31 17:26:54,915 [INFO] MIRA inizialization
2023-03-31 17:26:54,917 [DEBUG] ... done.
2023-03-31 17:26:54,918 [INFO] Perform interference reduction per chunks: 2 chunk of 15 seconds each
2023-03-31 17:26:54,919 [INFO] interference matrix loaded
2023-03-31 17:26:54,919 [WARNING] Estimation of interference matrix
2023-03-31 17:26:54,919 [INFO] loading    1/6:    mix_01_Piano.wav
2023-03-31 17:26:54,926 [CRITICAL] Traceback (most recent call last):
  File "/home/rajesh/Desktop/mirapie-master/mirapie.py", line 73, in get_instructions
    return mr.actions[args["mode"]](mr)
           ^^^^^^^^^^^^^^^^^^^^^^^^^^^^
  File "/home/rajesh/Desktop/mirapie-master/mira.py", line 205, in remove_interference_chunk
    self.build_stft_matrix_and_spectragram()
  File "/home/rajesh/Desktop/mirapie-master/mira.py", line 486, in build_stft_matrix_and_spectragram
    sig_in_freq = stft.stft(wav.to_mono(sig_in_time),
                  ^^^^^^^^^^^^^^^^^^^^^^^^^^^^^^^^^^^
  File "/home/rajesh/Desktop/mirapie-master/utils/stft.py", line 295, in stft
    stft = split(sig, frameShape, hop, True,verbose)
           ^^^^^^^^^^^^^^^^^^^^^^^^^^^^^^^^^^^^^^^^^
  File "/home/rajesh/Desktop/mirapie-master/utils/stft.py", line 136, in split
    sigFrame = sig[frameRange]
               ~~~^^^^^^^^^^^^
IndexError: only integers, slices (`:`), ellipsis (`...`), numpy.newaxis (`None`) and integer or boolean arrays are valid indices

2023-03-31 17:27:35,886 [INFO] MIRA inizialization
2023-03-31 17:27:35,888 [DEBUG] ... done.
2023-03-31 17:27:35,889 [INFO] Perform interference reduction per chunks: 2 chunk of 15 seconds each
2023-03-31 17:27:35,890 [INFO] interference matrix loaded
2023-03-31 17:27:35,890 [WARNING] Estimation of interference matrix
2023-03-31 17:27:35,890 [INFO] loading    1/6:    mix_01_Piano.wav
2023-03-31 17:27:35,899 [CRITICAL] Traceback (most recent call last):
  File "/home/rajesh/Desktop/mirapie-master/mirapie.py", line 73, in get_instructions
    return mr.actions[args["mode"]](mr)
           ^^^^^^^^^^^^^^^^^^^^^^^^^^^^
  File "/home/rajesh/Desktop/mirapie-master/mira.py", line 205, in remove_interference_chunk
    self.build_stft_matrix_and_spectragram()
  File "/home/rajesh/Desktop/mirapie-master/mira.py", line 486, in build_stft_matrix_and_spectragram
    sig_in_freq = stft.stft(wav.to_mono(sig_in_time),
                  ^^^^^^^^^^^^^^^^^^^^^^^^^^^^^^^^^^^
  File "/home/rajesh/Desktop/mirapie-master/utils/stft.py", line 295, in stft
    stft = split(sig, frameShape, hop, True,verbose)
           ^^^^^^^^^^^^^^^^^^^^^^^^^^^^^^^^^^^^^^^^^
  File "/home/rajesh/Desktop/mirapie-master/utils/stft.py", line 136, in split
    sigFrame = sig[frameRange]
               ~~~^^^^^^^^^^^^
IndexError: only integers, slices (`:`), ellipsis (`...`), numpy.newaxis (`None`) and integer or boolean arrays are valid indices

2023-03-31 17:28:00,112 [INFO] MIRA inizialization
2023-03-31 17:28:00,113 [DEBUG] ... done.
2023-03-31 17:28:00,114 [INFO] Perform interference reduction per chunks: 2 chunk of 15 seconds each
2023-03-31 17:28:00,115 [INFO] interference matrix loaded
2023-03-31 17:28:00,115 [WARNING] Estimation of interference matrix
2023-03-31 17:28:00,115 [INFO] loading    1/6:    mix_01_Piano.wav
2023-03-31 17:28:00,123 [CRITICAL] Traceback (most recent call last):
  File "/home/rajesh/Desktop/mirapie-master/mirapie.py", line 73, in get_instructions
    return mr.actions[args["mode"]](mr)
           ^^^^^^^^^^^^^^^^^^^^^^^^^^^^
  File "/home/rajesh/Desktop/mirapie-master/mira.py", line 205, in remove_interference_chunk
    self.build_stft_matrix_and_spectragram()
  File "/home/rajesh/Desktop/mirapie-master/mira.py", line 486, in build_stft_matrix_and_spectragram
    sig_in_freq = stft.stft(wav.to_mono(sig_in_time),
                  ^^^^^^^^^^^^^^^^^^^^^^^^^^^^^^^^^^^
  File "/home/rajesh/Desktop/mirapie-master/utils/stft.py", line 295, in stft
    stft = split(sig, frameShape, hop, True,verbose)
           ^^^^^^^^^^^^^^^^^^^^^^^^^^^^^^^^^^^^^^^^^
  File "/home/rajesh/Desktop/mirapie-master/utils/stft.py", line 136, in split
    sigFrame = sig[frameRange]
               ~~~^^^^^^^^^^^^
IndexError: only integers, slices (`:`), ellipsis (`...`), numpy.newaxis (`None`) and integer or boolean arrays are valid indices

2023-03-31 17:28:34,702 [INFO] MIRA inizialization
2023-03-31 17:28:34,704 [DEBUG] ... done.
2023-03-31 17:28:34,705 [INFO] Perform interference reduction per chunks: 2 chunk of 15 seconds each
2023-03-31 17:28:34,705 [INFO] interference matrix loaded
2023-03-31 17:28:34,705 [WARNING] Estimation of interference matrix
2023-03-31 17:28:34,705 [INFO] loading    1/6:    mix_01_Piano.wav
2023-03-31 17:28:34,714 [CRITICAL] Traceback (most recent call last):
  File "/home/rajesh/Desktop/mirapie-master/mirapie.py", line 73, in get_instructions
    return mr.actions[args["mode"]](mr)
           ^^^^^^^^^^^^^^^^^^^^^^^^^^^^
  File "/home/rajesh/Desktop/mirapie-master/mira.py", line 205, in remove_interference_chunk
    self.build_stft_matrix_and_spectragram()
  File "/home/rajesh/Desktop/mirapie-master/mira.py", line 486, in build_stft_matrix_and_spectragram
    sig_in_freq = stft.stft(wav.to_mono(sig_in_time),
                  ^^^^^^^^^^^^^^^^^^^^^^^^^^^^^^^^^^^
  File "/home/rajesh/Desktop/mirapie-master/utils/stft.py", line 295, in stft
    stft = split(sig, frameShape, hop, True,verbose)
           ^^^^^^^^^^^^^^^^^^^^^^^^^^^^^^^^^^^^^^^^^
  File "/home/rajesh/Desktop/mirapie-master/utils/stft.py", line 136, in split
    sigFrame = sig[frameRange]
               ~~~^^^^^^^^^^^^
IndexError: only integers, slices (`:`), ellipsis (`...`), numpy.newaxis (`None`) and integer or boolean arrays are valid indices

2023-03-31 17:30:36,599 [INFO] MIRA inizialization
2023-03-31 17:30:36,601 [DEBUG] ... done.
2023-03-31 17:30:36,602 [INFO] Perform interference reduction per chunks: 2 chunk of 15 seconds each
2023-03-31 17:30:36,602 [INFO] interference matrix loaded
2023-03-31 17:30:36,602 [WARNING] Estimation of interference matrix
2023-03-31 17:30:36,603 [INFO] loading    1/6:    mix_01_Piano.wav
2023-03-31 17:30:36,612 [CRITICAL] Traceback (most recent call last):
  File "/home/rajesh/Desktop/mirapie-master/mirapie.py", line 73, in get_instructions
    return mr.actions[args["mode"]](mr)
           ^^^^^^^^^^^^^^^^^^^^^^^^^^^^
  File "/home/rajesh/Desktop/mirapie-master/mira.py", line 205, in remove_interference_chunk
    self.build_stft_matrix_and_spectragram()
  File "/home/rajesh/Desktop/mirapie-master/mira.py", line 486, in build_stft_matrix_and_spectragram
    sig_in_freq = stft.stft(wav.to_mono(sig_in_time),
                  ^^^^^^^^^^^^^^^^^^^^^^^^^^^^^^^^^^^
  File "/home/rajesh/Desktop/mirapie-master/utils/stft.py", line 296, in stft
    stft = split(sig, frameShape, hop, True,verbose)
           ^^^^^^^^^^^^^^^^^^^^^^^^^^^^^^^^^^^^^^^^^
  File "/home/rajesh/Desktop/mirapie-master/utils/stft.py", line 137, in split
    sigFrame = sig[frameRange]
               ~~~^^^^^^^^^^^^
IndexError: only integers, slices (`:`), ellipsis (`...`), numpy.newaxis (`None`) and integer or boolean arrays are valid indices

2023-03-31 17:31:08,897 [INFO] MIRA inizialization
2023-03-31 17:31:08,899 [DEBUG] ... done.
2023-03-31 17:31:08,900 [INFO] Perform interference reduction per chunks: 2 chunk of 15 seconds each
2023-03-31 17:31:08,900 [INFO] interference matrix loaded
2023-03-31 17:31:08,900 [WARNING] Estimation of interference matrix
2023-03-31 17:31:08,900 [INFO] loading    1/6:    mix_01_Piano.wav
2023-03-31 17:31:08,908 [CRITICAL] Traceback (most recent call last):
  File "/home/rajesh/Desktop/mirapie-master/mirapie.py", line 73, in get_instructions
    return mr.actions[args["mode"]](mr)
           ^^^^^^^^^^^^^^^^^^^^^^^^^^^^
  File "/home/rajesh/Desktop/mirapie-master/mira.py", line 205, in remove_interference_chunk
    self.build_stft_matrix_and_spectragram()
  File "/home/rajesh/Desktop/mirapie-master/mira.py", line 486, in build_stft_matrix_and_spectragram
    sig_in_freq = stft.stft(wav.to_mono(sig_in_time),
                  ^^^^^^^^^^^^^^^^^^^^^^^^^^^^^^^^^^^
  File "/home/rajesh/Desktop/mirapie-master/utils/stft.py", line 296, in stft
    stft = split(sig, frameShape, hop, True,verbose)
           ^^^^^^^^^^^^^^^^^^^^^^^^^^^^^^^^^^^^^^^^^
  File "/home/rajesh/Desktop/mirapie-master/utils/stft.py", line 137, in split
    sigFrame = sig[frameRange]
               ~~~^^^^^^^^^^^^
IndexError: only integers, slices (`:`), ellipsis (`...`), numpy.newaxis (`None`) and integer or boolean arrays are valid indices

2023-03-31 17:32:15,139 [INFO] MIRA inizialization
2023-03-31 17:32:15,141 [DEBUG] ... done.
2023-03-31 17:32:15,142 [INFO] Perform interference reduction per chunks: 2 chunk of 15 seconds each
2023-03-31 17:32:15,143 [INFO] interference matrix loaded
2023-03-31 17:32:15,143 [WARNING] Estimation of interference matrix
2023-03-31 17:32:15,143 [INFO] loading    1/6:    mix_01_Piano.wav
2023-03-31 17:32:15,152 [CRITICAL] Traceback (most recent call last):
  File "/home/rajesh/Desktop/mirapie-master/mirapie.py", line 73, in get_instructions
    return mr.actions[args["mode"]](mr)
           ^^^^^^^^^^^^^^^^^^^^^^^^^^^^
  File "/home/rajesh/Desktop/mirapie-master/mira.py", line 205, in remove_interference_chunk
    self.build_stft_matrix_and_spectragram()
  File "/home/rajesh/Desktop/mirapie-master/mira.py", line 486, in build_stft_matrix_and_spectragram
    sig_in_freq = stft.stft(wav.to_mono(sig_in_time),
                  ^^^^^^^^^^^^^^^^^^^^^^^^^^^^^^^^^^^
  File "/home/rajesh/Desktop/mirapie-master/utils/stft.py", line 296, in stft
    stft = split(sig, frameShape, hop, True,verbose)
           ^^^^^^^^^^^^^^^^^^^^^^^^^^^^^^^^^^^^^^^^^
  File "/home/rajesh/Desktop/mirapie-master/utils/stft.py", line 137, in split
    sigFrame = sig[frameRange]
               ~~~^^^^^^^^^^^^
IndexError: only integers, slices (`:`), ellipsis (`...`), numpy.newaxis (`None`) and integer or boolean arrays are valid indices

2023-03-31 17:33:09,005 [INFO] MIRA inizialization
2023-03-31 17:33:09,007 [DEBUG] ... done.
2023-03-31 17:33:09,008 [INFO] Perform interference reduction per chunks: 2 chunk of 15 seconds each
2023-03-31 17:33:09,008 [INFO] interference matrix loaded
2023-03-31 17:33:09,009 [WARNING] Estimation of interference matrix
2023-03-31 17:33:09,009 [INFO] loading    1/6:    mix_01_Piano.wav
2023-03-31 17:33:09,018 [CRITICAL] Traceback (most recent call last):
  File "/home/rajesh/Desktop/mirapie-master/mirapie.py", line 73, in get_instructions
    return mr.actions[args["mode"]](mr)
           ^^^^^^^^^^^^^^^^^^^^^^^^^^^^
  File "/home/rajesh/Desktop/mirapie-master/mira.py", line 205, in remove_interference_chunk
    self.build_stft_matrix_and_spectragram()
  File "/home/rajesh/Desktop/mirapie-master/mira.py", line 486, in build_stft_matrix_and_spectragram
    sig_in_freq = stft.stft(wav.to_mono(sig_in_time),
                  ^^^^^^^^^^^^^^^^^^^^^^^^^^^^^^^^^^^
  File "/home/rajesh/Desktop/mirapie-master/utils/stft.py", line 295, in stft
    stft = split(sig, frameShape, hop, True,verbose)
           ^^^^^^^^^^^^^^^^^^^^^^^^^^^^^^^^^^^^^^^^^
  File "/home/rajesh/Desktop/mirapie-master/utils/stft.py", line 144, in split
    framed[sigFrameRange + list(index)] = sigFrame
    ~~~~~~^^^^^^^^^^^^^^^^^^^^^^^^^^^^^
IndexError: only integers, slices (`:`), ellipsis (`...`), numpy.newaxis (`None`) and integer or boolean arrays are valid indices

2023-03-31 17:39:37,757 [INFO] MIRA inizialization
2023-03-31 17:39:37,759 [DEBUG] ... done.
2023-03-31 17:39:37,760 [INFO] Perform interference reduction per chunks: 2 chunk of 15 seconds each
2023-03-31 17:39:37,761 [INFO] interference matrix loaded
2023-03-31 17:39:37,761 [WARNING] Estimation of interference matrix
2023-03-31 17:39:37,761 [INFO] loading    1/6:    mix_01_Piano.wav
2023-03-31 17:39:37,770 [CRITICAL] Traceback (most recent call last):
  File "/home/rajesh/Desktop/mirapie-master/mirapie.py", line 73, in get_instructions
    return mr.actions[args["mode"]](mr)
           ^^^^^^^^^^^^^^^^^^^^^^^^^^^^
  File "/home/rajesh/Desktop/mirapie-master/mira.py", line 205, in remove_interference_chunk
    self.build_stft_matrix_and_spectragram()
  File "/home/rajesh/Desktop/mirapie-master/mira.py", line 486, in build_stft_matrix_and_spectragram
    sig_in_freq = stft.stft(wav.to_mono(sig_in_time),
                  ^^^^^^^^^^^^^^^^^^^^^^^^^^^^^^^^^^^
  File "/home/rajesh/Desktop/mirapie-master/utils/stft.py", line 295, in stft
    stft = split(sig, frameShape, hop, True,verbose)
           ^^^^^^^^^^^^^^^^^^^^^^^^^^^^^^^^^^^^^^^^^
  File "/home/rajesh/Desktop/mirapie-master/utils/stft.py", line 144, in split
    framed[sigFrameRange + list(index)] = sigFrame
    ~~~~~~^^^^^^^^^^^^^^^^^^^^^^^^^^^^^
IndexError: only integers, slices (`:`), ellipsis (`...`), numpy.newaxis (`None`) and integer or boolean arrays are valid indices

2023-03-31 17:42:45,662 [INFO] MIRA inizialization
2023-03-31 17:42:45,664 [DEBUG] ... done.
2023-03-31 17:42:45,665 [INFO] Perform interference reduction per chunks: 2 chunk of 15 seconds each
2023-03-31 17:42:45,666 [INFO] interference matrix loaded
2023-03-31 17:42:45,666 [WARNING] Estimation of interference matrix
2023-03-31 17:42:45,666 [INFO] loading    1/6:    mix_01_Piano.wav
2023-03-31 17:42:45,675 [CRITICAL] Traceback (most recent call last):
  File "/home/rajesh/Desktop/mirapie-master/mirapie.py", line 73, in get_instructions
    return mr.actions[args["mode"]](mr)
           ^^^^^^^^^^^^^^^^^^^^^^^^^^^^
  File "/home/rajesh/Desktop/mirapie-master/mira.py", line 205, in remove_interference_chunk
    self.build_stft_matrix_and_spectragram()
  File "/home/rajesh/Desktop/mirapie-master/mira.py", line 486, in build_stft_matrix_and_spectragram
    sig_in_freq = stft.stft(wav.to_mono(sig_in_time),
                  ^^^^^^^^^^^^^^^^^^^^^^^^^^^^^^^^^^^
  File "/home/rajesh/Desktop/mirapie-master/utils/stft.py", line 295, in stft
    stft = split(sig, frameShape, hop, True,verbose)
           ^^^^^^^^^^^^^^^^^^^^^^^^^^^^^^^^^^^^^^^^^
  File "/home/rajesh/Desktop/mirapie-master/utils/stft.py", line 136, in split
    sigFrame = sig[frameRange]
               ~~~^^^^^^^^^^^^
IndexError: only integers, slices (`:`), ellipsis (`...`), numpy.newaxis (`None`) and integer or boolean arrays are valid indices

2023-03-31 17:43:58,361 [INFO] MIRA inizialization
2023-03-31 17:43:58,363 [DEBUG] ... done.
2023-03-31 17:43:58,364 [INFO] Perform interference reduction per chunks: 2 chunk of 15 seconds each
2023-03-31 17:43:58,365 [INFO] interference matrix loaded
2023-03-31 17:43:58,365 [WARNING] Estimation of interference matrix
2023-03-31 17:43:58,365 [INFO] loading    1/6:    mix_01_Piano.wav
2023-03-31 17:43:58,373 [CRITICAL] Traceback (most recent call last):
  File "/home/rajesh/Desktop/mirapie-master/mirapie.py", line 73, in get_instructions
    return mr.actions[args["mode"]](mr)
           ^^^^^^^^^^^^^^^^^^^^^^^^^^^^
  File "/home/rajesh/Desktop/mirapie-master/mira.py", line 205, in remove_interference_chunk
    self.build_stft_matrix_and_spectragram()
  File "/home/rajesh/Desktop/mirapie-master/mira.py", line 486, in build_stft_matrix_and_spectragram
    sig_in_freq = stft.stft(wav.to_mono(sig_in_time),
                  ^^^^^^^^^^^^^^^^^^^^^^^^^^^^^^^^^^^
  File "/home/rajesh/Desktop/mirapie-master/utils/stft.py", line 295, in stft
    stft = split(sig, frameShape, hop, True,verbose)
           ^^^^^^^^^^^^^^^^^^^^^^^^^^^^^^^^^^^^^^^^^
  File "/home/rajesh/Desktop/mirapie-master/utils/stft.py", line 136, in split
    sigFrame = sig[frameRange]
               ~~~^^^^^^^^^^^^
IndexError: only integers, slices (`:`), ellipsis (`...`), numpy.newaxis (`None`) and integer or boolean arrays are valid indices

2023-03-31 17:45:34,057 [INFO] MIRA inizialization
2023-03-31 17:45:34,059 [DEBUG] ... done.
2023-03-31 17:45:34,060 [INFO] Perform interference reduction per chunks: 2 chunk of 15 seconds each
2023-03-31 17:45:34,062 [INFO] interference matrix loaded
2023-03-31 17:45:34,062 [WARNING] Estimation of interference matrix
2023-03-31 17:45:34,062 [INFO] loading    1/6:    mix_01_Piano.wav
2023-03-31 17:45:34,070 [CRITICAL] Traceback (most recent call last):
  File "/home/rajesh/Desktop/mirapie-master/mirapie.py", line 73, in get_instructions
    return mr.actions[args["mode"]](mr)
           ^^^^^^^^^^^^^^^^^^^^^^^^^^^^
  File "/home/rajesh/Desktop/mirapie-master/mira.py", line 205, in remove_interference_chunk
    self.build_stft_matrix_and_spectragram()
  File "/home/rajesh/Desktop/mirapie-master/mira.py", line 486, in build_stft_matrix_and_spectragram
    sig_in_freq = stft.stft(wav.to_mono(sig_in_time),
                  ^^^^^^^^^^^^^^^^^^^^^^^^^^^^^^^^^^^
  File "/home/rajesh/Desktop/mirapie-master/utils/stft.py", line 296, in stft
    stft = split(sig, frameShape, hop, True,verbose)
           ^^^^^^^^^^^^^^^^^^^^^^^^^^^^^^^^^^^^^^^^^
  File "/home/rajesh/Desktop/mirapie-master/utils/stft.py", line 145, in split
    framed[sigFrameRange + list(index)] = sigFrame
    ~~~~~~^^^^^^^^^^^^^^^^^^^^^^^^^^^^^
IndexError: only integers, slices (`:`), ellipsis (`...`), numpy.newaxis (`None`) and integer or boolean arrays are valid indices

2023-03-31 17:46:27,564 [INFO] MIRA inizialization
2023-03-31 17:46:27,566 [DEBUG] ... done.
2023-03-31 17:46:27,567 [INFO] Perform interference reduction per chunks: 2 chunk of 15 seconds each
2023-03-31 17:46:27,567 [INFO] interference matrix loaded
2023-03-31 17:46:27,567 [WARNING] Estimation of interference matrix
2023-03-31 17:46:27,568 [INFO] loading    1/6:    mix_01_Piano.wav
2023-03-31 17:46:27,575 [CRITICAL] Traceback (most recent call last):
  File "/home/rajesh/Desktop/mirapie-master/mirapie.py", line 73, in get_instructions
    return mr.actions[args["mode"]](mr)
           ^^^^^^^^^^^^^^^^^^^^^^^^^^^^
  File "/home/rajesh/Desktop/mirapie-master/mira.py", line 205, in remove_interference_chunk
    self.build_stft_matrix_and_spectragram()
  File "/home/rajesh/Desktop/mirapie-master/mira.py", line 486, in build_stft_matrix_and_spectragram
    sig_in_freq = stft.stft(wav.to_mono(sig_in_time),
                  ^^^^^^^^^^^^^^^^^^^^^^^^^^^^^^^^^^^
  File "/home/rajesh/Desktop/mirapie-master/utils/stft.py", line 296, in stft
    stft = split(sig, frameShape, hop, True,verbose)
           ^^^^^^^^^^^^^^^^^^^^^^^^^^^^^^^^^^^^^^^^^
  File "/home/rajesh/Desktop/mirapie-master/utils/stft.py", line 145, in split
    framed[sigFrameRange + list(index)] = sigFrame
    ~~~~~~^^^^^^^^^^^^^^^^^^^^^^^^^^^^^
IndexError: only integers, slices (`:`), ellipsis (`...`), numpy.newaxis (`None`) and integer or boolean arrays are valid indices

2023-03-31 17:48:35,343 [INFO] MIRA inizialization
2023-03-31 17:48:35,344 [DEBUG] ... done.
2023-03-31 17:48:35,345 [INFO] Perform interference reduction per chunks: 2 chunk of 15 seconds each
2023-03-31 17:48:35,346 [INFO] interference matrix loaded
2023-03-31 17:48:35,346 [WARNING] Estimation of interference matrix
2023-03-31 17:48:35,346 [INFO] loading    1/6:    mix_01_Piano.wav
2023-03-31 17:48:35,355 [CRITICAL] Traceback (most recent call last):
  File "/home/rajesh/Desktop/mirapie-master/mirapie.py", line 73, in get_instructions
    return mr.actions[args["mode"]](mr)
           ^^^^^^^^^^^^^^^^^^^^^^^^^^^^
  File "/home/rajesh/Desktop/mirapie-master/mira.py", line 205, in remove_interference_chunk
    self.build_stft_matrix_and_spectragram()
  File "/home/rajesh/Desktop/mirapie-master/mira.py", line 486, in build_stft_matrix_and_spectragram
    sig_in_freq = stft.stft(wav.to_mono(sig_in_time),
                  ^^^^^^^^^^^^^^^^^^^^^^^^^^^^^^^^^^^
  File "/home/rajesh/Desktop/mirapie-master/utils/stft.py", line 297, in stft
    stft = split(sig, frameShape, hop, True,verbose)
           ^^^^^^^^^^^^^^^^^^^^^^^^^^^^^^^^^^^^^^^^^
  File "/home/rajesh/Desktop/mirapie-master/utils/stft.py", line 134, in split
    print(numpy.version)
          ^^^^^
NameError: name 'numpy' is not defined

2023-03-31 17:48:42,469 [INFO] MIRA inizialization
2023-03-31 17:48:42,471 [DEBUG] ... done.
2023-03-31 17:48:42,472 [INFO] Perform interference reduction per chunks: 2 chunk of 15 seconds each
2023-03-31 17:48:42,472 [INFO] interference matrix loaded
2023-03-31 17:48:42,473 [WARNING] Estimation of interference matrix
2023-03-31 17:48:42,473 [INFO] loading    1/6:    mix_01_Piano.wav
2023-03-31 17:48:42,480 [CRITICAL] Traceback (most recent call last):
  File "/home/rajesh/Desktop/mirapie-master/mirapie.py", line 73, in get_instructions
    return mr.actions[args["mode"]](mr)
           ^^^^^^^^^^^^^^^^^^^^^^^^^^^^
  File "/home/rajesh/Desktop/mirapie-master/mira.py", line 205, in remove_interference_chunk
    self.build_stft_matrix_and_spectragram()
  File "/home/rajesh/Desktop/mirapie-master/mira.py", line 486, in build_stft_matrix_and_spectragram
    sig_in_freq = stft.stft(wav.to_mono(sig_in_time),
                  ^^^^^^^^^^^^^^^^^^^^^^^^^^^^^^^^^^^
  File "/home/rajesh/Desktop/mirapie-master/utils/stft.py", line 297, in stft
    stft = split(sig, frameShape, hop, True,verbose)
           ^^^^^^^^^^^^^^^^^^^^^^^^^^^^^^^^^^^^^^^^^
  File "/home/rajesh/Desktop/mirapie-master/utils/stft.py", line 137, in split
    sigFrame = sig[frameRange]
               ~~~^^^^^^^^^^^^
IndexError: only integers, slices (`:`), ellipsis (`...`), numpy.newaxis (`None`) and integer or boolean arrays are valid indices

2023-03-31 17:49:58,761 [INFO] MIRA inizialization
2023-03-31 17:49:58,762 [DEBUG] ... done.
2023-03-31 17:49:58,763 [INFO] Perform interference reduction per chunks: 2 chunk of 15 seconds each
2023-03-31 17:49:58,764 [INFO] interference matrix loaded
2023-03-31 17:49:58,764 [WARNING] Estimation of interference matrix
2023-03-31 17:49:58,764 [INFO] loading    1/6:    mix_01_Piano.wav
2023-03-31 17:49:58,773 [CRITICAL] Traceback (most recent call last):
  File "/home/rajesh/Desktop/mirapie-master/mirapie.py", line 73, in get_instructions
    return mr.actions[args["mode"]](mr)
           ^^^^^^^^^^^^^^^^^^^^^^^^^^^^
  File "/home/rajesh/Desktop/mirapie-master/mira.py", line 205, in remove_interference_chunk
    self.build_stft_matrix_and_spectragram()
  File "/home/rajesh/Desktop/mirapie-master/mira.py", line 486, in build_stft_matrix_and_spectragram
    sig_in_freq = stft.stft(wav.to_mono(sig_in_time),
                  ^^^^^^^^^^^^^^^^^^^^^^^^^^^^^^^^^^^
  File "/home/rajesh/Desktop/mirapie-master/utils/stft.py", line 297, in stft
    stft = split(sig, frameShape, hop, True,verbose)
           ^^^^^^^^^^^^^^^^^^^^^^^^^^^^^^^^^^^^^^^^^
  File "/home/rajesh/Desktop/mirapie-master/utils/stft.py", line 137, in split
    sigFrame = sig[frameRange]
               ~~~^^^^^^^^^^^^
IndexError: only integers, slices (`:`), ellipsis (`...`), numpy.newaxis (`None`) and integer or boolean arrays are valid indices

2023-03-31 17:59:51,451 [INFO] MIRA inizialization
2023-03-31 17:59:51,453 [DEBUG] ... done.
2023-03-31 17:59:51,454 [INFO] Perform interference reduction per chunks: 2 chunk of 15 seconds each
2023-03-31 17:59:51,455 [INFO] interference matrix loaded
2023-03-31 17:59:51,455 [WARNING] Estimation of interference matrix
2023-03-31 17:59:51,455 [INFO] loading    1/6:    mix_01_Piano.wav
2023-03-31 17:59:51,624 [INFO] loading    2/6:    mix_02_Bass.wav
2023-03-31 17:59:51,737 [INFO] loading    3/6:    mix_03_Soprano.wav
2023-03-31 17:59:51,849 [INFO] loading    4/6:    mix_04_Alto.wav
2023-03-31 17:59:51,964 [INFO] loading    5/6:    mix_05_Tenor.wav
2023-03-31 17:59:52,087 [INFO] loading    6/6:    mix_06_Baryton.wav
2023-03-31 17:59:52,253 [INFO] Normalizing data...
2023-03-31 17:59:52,577 [CRITICAL] joblib.externals.loky.process_executor._RemoteTraceback: 
"""
Traceback (most recent call last):
  File "/home/rajesh/.local/lib/python3.10/site-packages/joblib/externals/loky/backend/queues.py", line 153, in _feed
    obj_ = dumps(obj, reducers=reducers)
  File "/home/rajesh/.local/lib/python3.10/site-packages/joblib/externals/loky/backend/reduction.py", line 271, in dumps
    dump(obj, buf, reducers=reducers, protocol=protocol)
  File "/home/rajesh/.local/lib/python3.10/site-packages/joblib/externals/loky/backend/reduction.py", line 264, in dump
    _LokyPickler(file, reducers=reducers, protocol=protocol).dump(obj)
  File "/home/rajesh/.local/lib/python3.10/site-packages/joblib/externals/cloudpickle/cloudpickle_fast.py", line 602, in dump
    return Pickler.dump(self, obj)
TypeError: cannot pickle 'weakref.ReferenceType' object
"""

The above exception was the direct cause of the following exception:

Traceback (most recent call last):
  File "/home/rajesh/Desktop/mirapie-master/mirapie.py", line 73, in get_instructions
    return mr.actions[args["mode"]](mr)
  File "/home/rajesh/Desktop/mirapie-master/mira.py", line 213, in remove_interference_chunk
    self.input_normalization()
  File "/home/rajesh/Desktop/mirapie-master/mira.py", line 590, in input_normalization
    tmpX, tmpGains = zip(*Parallel(n_jobs=JOBLIB_NCORES, backend=JOBLIB_BACKEND, temp_folder=JOBLIB_TEMPFOLDER)
  File "/home/rajesh/.local/lib/python3.10/site-packages/joblib/parallel.py", line 1056, in __call__
    self.retrieve()
  File "/home/rajesh/.local/lib/python3.10/site-packages/joblib/parallel.py", line 935, in retrieve
    self._output.extend(job.get(timeout=self.timeout))
  File "/home/rajesh/.local/lib/python3.10/site-packages/joblib/_parallel_backends.py", line 542, in wrap_future_result
    return future.result(timeout=timeout)
  File "/home/rajesh/anaconda3/envs/fMIRA/lib/python3.10/concurrent/futures/_base.py", line 458, in result
    return self.__get_result()
  File "/home/rajesh/anaconda3/envs/fMIRA/lib/python3.10/concurrent/futures/_base.py", line 403, in __get_result
    raise self._exception
_pickle.PicklingError: Could not pickle the task to send it to the workers.

2023-03-31 18:00:44,474 [INFO] MIRA inizialization
2023-03-31 18:00:44,477 [DEBUG] ... done.
2023-03-31 18:00:44,477 [INFO] Perform interference reduction per chunks: 2 chunk of 15 seconds each
2023-03-31 18:00:44,478 [INFO] interference matrix loaded
2023-03-31 18:00:44,478 [WARNING] Estimation of interference matrix
2023-03-31 18:00:44,478 [INFO] loading    1/6:    mix_01_Piano.wav
2023-03-31 18:00:44,633 [INFO] loading    2/6:    mix_02_Bass.wav
2023-03-31 18:00:44,738 [INFO] loading    3/6:    mix_03_Soprano.wav
2023-03-31 18:00:44,845 [INFO] loading    4/6:    mix_04_Alto.wav
2023-03-31 18:00:44,948 [INFO] loading    5/6:    mix_05_Tenor.wav
2023-03-31 18:00:45,061 [INFO] loading    6/6:    mix_06_Baryton.wav
2023-03-31 18:00:45,214 [INFO] Normalizing data...
2023-03-31 18:00:45,368 [CRITICAL] joblib.externals.loky.process_executor._RemoteTraceback: 
"""
Traceback (most recent call last):
  File "/home/rajesh/.local/lib/python3.10/site-packages/joblib/externals/loky/backend/queues.py", line 153, in _feed
    obj_ = dumps(obj, reducers=reducers)
  File "/home/rajesh/.local/lib/python3.10/site-packages/joblib/externals/loky/backend/reduction.py", line 271, in dumps
    dump(obj, buf, reducers=reducers, protocol=protocol)
  File "/home/rajesh/.local/lib/python3.10/site-packages/joblib/externals/loky/backend/reduction.py", line 264, in dump
    _LokyPickler(file, reducers=reducers, protocol=protocol).dump(obj)
  File "/home/rajesh/.local/lib/python3.10/site-packages/joblib/externals/cloudpickle/cloudpickle_fast.py", line 602, in dump
    return Pickler.dump(self, obj)
TypeError: cannot pickle 'weakref.ReferenceType' object
"""

The above exception was the direct cause of the following exception:

Traceback (most recent call last):
  File "/home/rajesh/Desktop/mirapie-master/mirapie.py", line 73, in get_instructions
    return mr.actions[args["mode"]](mr)
  File "/home/rajesh/Desktop/mirapie-master/mira.py", line 213, in remove_interference_chunk
    self.input_normalization()
  File "/home/rajesh/Desktop/mirapie-master/mira.py", line 590, in input_normalization
    tmpX, tmpGains = zip(*Parallel(n_jobs=JOBLIB_NCORES, backend=JOBLIB_BACKEND, temp_folder=JOBLIB_TEMPFOLDER)
  File "/home/rajesh/.local/lib/python3.10/site-packages/joblib/parallel.py", line 1056, in __call__
    self.retrieve()
  File "/home/rajesh/.local/lib/python3.10/site-packages/joblib/parallel.py", line 935, in retrieve
    self._output.extend(job.get(timeout=self.timeout))
  File "/home/rajesh/.local/lib/python3.10/site-packages/joblib/_parallel_backends.py", line 542, in wrap_future_result
    return future.result(timeout=timeout)
  File "/home/rajesh/anaconda3/envs/fMIRA/lib/python3.10/concurrent/futures/_base.py", line 458, in result
    return self.__get_result()
  File "/home/rajesh/anaconda3/envs/fMIRA/lib/python3.10/concurrent/futures/_base.py", line 403, in __get_result
    raise self._exception
_pickle.PicklingError: Could not pickle the task to send it to the workers.

2023-03-31 18:01:35,806 [INFO] MIRA inizialization
2023-03-31 18:01:35,808 [DEBUG] ... done.
2023-03-31 18:01:35,809 [INFO] Perform interference reduction per chunks: 2 chunk of 15 seconds each
2023-03-31 18:01:35,809 [INFO] interference matrix loaded
2023-03-31 18:01:35,809 [WARNING] Estimation of interference matrix
2023-03-31 18:01:35,810 [INFO] chunk 1/1,   loading 1/6:   mix_01_Piano.wav
2023-03-31 18:01:36,074 [DEBUG]  > random sampling input...
2023-03-31 18:01:36,210 [INFO] chunk 1/1,   loading 2/6:   mix_02_Bass.wav
2023-03-31 18:01:36,473 [DEBUG]  > random sampling input...
2023-03-31 18:01:36,589 [INFO] chunk 1/1,   loading 3/6:   mix_03_Soprano.wav
2023-03-31 18:01:36,847 [DEBUG]  > random sampling input...
2023-03-31 18:01:36,958 [INFO] chunk 1/1,   loading 4/6:   mix_04_Alto.wav
2023-03-31 18:01:37,219 [DEBUG]  > random sampling input...
2023-03-31 18:01:37,327 [INFO] chunk 1/1,   loading 5/6:   mix_05_Tenor.wav
2023-03-31 18:01:37,588 [DEBUG]  > random sampling input...
2023-03-31 18:01:37,696 [INFO] chunk 1/1,   loading 6/6:   mix_06_Baryton.wav
2023-03-31 18:01:37,955 [DEBUG]  > random sampling input...
2023-03-31 18:01:38,181 [INFO] INPUT MATRIX DIMENSIONS: F = 2049 bins, T = 512 frames, I = 6 mics
2023-03-31 18:01:38,184 [INFO] Normalizing data...
2023-03-31 18:01:38,403 [CRITICAL] joblib.externals.loky.process_executor._RemoteTraceback: 
"""
Traceback (most recent call last):
  File "/home/rajesh/.local/lib/python3.10/site-packages/joblib/externals/loky/backend/queues.py", line 153, in _feed
    obj_ = dumps(obj, reducers=reducers)
  File "/home/rajesh/.local/lib/python3.10/site-packages/joblib/externals/loky/backend/reduction.py", line 271, in dumps
    dump(obj, buf, reducers=reducers, protocol=protocol)
  File "/home/rajesh/.local/lib/python3.10/site-packages/joblib/externals/loky/backend/reduction.py", line 264, in dump
    _LokyPickler(file, reducers=reducers, protocol=protocol).dump(obj)
  File "/home/rajesh/.local/lib/python3.10/site-packages/joblib/externals/cloudpickle/cloudpickle_fast.py", line 602, in dump
    return Pickler.dump(self, obj)
TypeError: cannot pickle 'weakref.ReferenceType' object
"""

The above exception was the direct cause of the following exception:

Traceback (most recent call last):
  File "/home/rajesh/Desktop/mirapie-master/mirapie.py", line 73, in get_instructions
    return mr.actions[args["mode"]](mr)
  File "/home/rajesh/Desktop/mirapie-master/mira.py", line 318, in remove_interference_fulltrack
    self.input_normalization()
  File "/home/rajesh/Desktop/mirapie-master/mira.py", line 590, in input_normalization
    tmpX, tmpGains = zip(*Parallel(n_jobs=JOBLIB_NCORES, backend=JOBLIB_BACKEND, temp_folder=JOBLIB_TEMPFOLDER)
  File "/home/rajesh/.local/lib/python3.10/site-packages/joblib/parallel.py", line 1056, in __call__
    self.retrieve()
  File "/home/rajesh/.local/lib/python3.10/site-packages/joblib/parallel.py", line 935, in retrieve
    self._output.extend(job.get(timeout=self.timeout))
  File "/home/rajesh/.local/lib/python3.10/site-packages/joblib/_parallel_backends.py", line 542, in wrap_future_result
    return future.result(timeout=timeout)
  File "/home/rajesh/anaconda3/envs/fMIRA/lib/python3.10/concurrent/futures/_base.py", line 458, in result
    return self.__get_result()
  File "/home/rajesh/anaconda3/envs/fMIRA/lib/python3.10/concurrent/futures/_base.py", line 403, in __get_result
    raise self._exception
_pickle.PicklingError: Could not pickle the task to send it to the workers.

2023-03-31 18:09:14,050 [INFO] MIRA inizialization
2023-03-31 18:09:14,053 [DEBUG] ... done.
2023-03-31 18:09:14,054 [INFO] Perform interference reduction per chunks: 2 chunk of 15 seconds each
2023-03-31 18:09:14,055 [INFO] interference matrix loaded
2023-03-31 18:09:14,055 [WARNING] Estimation of interference matrix
2023-03-31 18:09:14,055 [INFO] chunk 1/1,   loading 1/6:   mix_01_Piano.wav
2023-03-31 18:09:14,313 [DEBUG]  > random sampling input...
2023-03-31 18:09:14,422 [INFO] chunk 1/1,   loading 2/6:   mix_02_Bass.wav
2023-03-31 18:09:14,676 [DEBUG]  > random sampling input...
2023-03-31 18:09:14,787 [INFO] chunk 1/1,   loading 3/6:   mix_03_Soprano.wav
2023-03-31 18:09:15,036 [DEBUG]  > random sampling input...
2023-03-31 18:09:15,150 [INFO] chunk 1/1,   loading 4/6:   mix_04_Alto.wav
2023-03-31 18:09:15,401 [DEBUG]  > random sampling input...
2023-03-31 18:09:15,512 [INFO] chunk 1/1,   loading 5/6:   mix_05_Tenor.wav
2023-03-31 18:09:15,762 [DEBUG]  > random sampling input...
2023-03-31 18:09:15,881 [INFO] chunk 1/1,   loading 6/6:   mix_06_Baryton.wav
2023-03-31 18:09:16,134 [DEBUG]  > random sampling input...
2023-03-31 18:09:16,366 [INFO] INPUT MATRIX DIMENSIONS: F = 2049 bins, T = 512 frames, I = 6 mics
2023-03-31 18:09:16,369 [INFO] Normalizing data...
2023-03-31 18:09:16,369 [CRITICAL] Traceback (most recent call last):
  File "/home/rajesh/Desktop/mirapie-master/mirapie.py", line 73, in get_instructions
    return mr.actions[args["mode"]](mr)
  File "/home/rajesh/Desktop/mirapie-master/mira.py", line 318, in remove_interference_fulltrack
    self.input_normalization()
  File "/home/rajesh/Desktop/mirapie-master/mira.py", line 591, in input_normalization
    from joblibspark import register_spark
ModuleNotFoundError: No module named 'joblibspark'

2023-03-31 18:09:40,180 [INFO] MIRA inizialization
2023-03-31 18:09:40,182 [DEBUG] ... done.
2023-03-31 18:09:40,183 [INFO] Perform interference reduction per chunks: 2 chunk of 15 seconds each
2023-03-31 18:09:40,184 [INFO] interference matrix loaded
2023-03-31 18:09:40,184 [WARNING] Estimation of interference matrix
2023-03-31 18:09:40,184 [INFO] chunk 1/1,   loading 1/6:   mix_01_Piano.wav
2023-03-31 18:09:40,455 [DEBUG]  > random sampling input...
2023-03-31 18:09:40,564 [INFO] chunk 1/1,   loading 2/6:   mix_02_Bass.wav
2023-03-31 18:09:40,828 [DEBUG]  > random sampling input...
2023-03-31 18:09:40,935 [INFO] chunk 1/1,   loading 3/6:   mix_03_Soprano.wav
2023-03-31 18:09:41,195 [DEBUG]  > random sampling input...
2023-03-31 18:09:41,309 [INFO] chunk 1/1,   loading 4/6:   mix_04_Alto.wav
2023-03-31 18:09:41,570 [DEBUG]  > random sampling input...
2023-03-31 18:09:41,681 [INFO] chunk 1/1,   loading 5/6:   mix_05_Tenor.wav
2023-03-31 18:09:41,941 [DEBUG]  > random sampling input...
2023-03-31 18:09:42,049 [INFO] chunk 1/1,   loading 6/6:   mix_06_Baryton.wav
2023-03-31 18:09:42,309 [DEBUG]  > random sampling input...
2023-03-31 18:09:42,530 [INFO] INPUT MATRIX DIMENSIONS: F = 2049 bins, T = 512 frames, I = 6 mics
2023-03-31 18:09:42,533 [INFO] Normalizing data...
2023-03-31 18:09:42,535 [CRITICAL] Traceback (most recent call last):
  File "/home/rajesh/anaconda3/envs/fMIRA/lib/python3.10/site-packages/joblibspark/__init__.py", line 29, in register_spark
    from .backend import register # pylint: disable=C0415
  File "/home/rajesh/anaconda3/envs/fMIRA/lib/python3.10/site-packages/joblibspark/backend.py", line 30, in <module>
    from py4j.clientserver import ClientServer
ModuleNotFoundError: No module named 'py4j'

During handling of the above exception, another exception occurred:

Traceback (most recent call last):
  File "/home/rajesh/Desktop/mirapie-master/mirapie.py", line 73, in get_instructions
    return mr.actions[args["mode"]](mr)
  File "/home/rajesh/Desktop/mirapie-master/mira.py", line 318, in remove_interference_fulltrack
    self.input_normalization()
  File "/home/rajesh/Desktop/mirapie-master/mira.py", line 592, in input_normalization
    register_spark()
  File "/home/rajesh/anaconda3/envs/fMIRA/lib/python3.10/site-packages/joblibspark/__init__.py", line 34, in register_spark
    raise ImportError(msg)  # pylint: disable=raise-missing-from
ImportError: To use the spark.distributed backend you must install the pyspark and packages.



2023-03-31 18:55:51,360 [INFO] MIRA inizialization
2023-03-31 18:55:51,362 [DEBUG] ... done.
2023-03-31 18:55:51,363 [INFO] Perform interference reduction per chunks: 2 chunk of 15 seconds each
2023-03-31 18:55:51,364 [INFO] interference matrix loaded
2023-03-31 18:55:51,365 [WARNING] Estimation of interference matrix
2023-03-31 18:55:51,365 [INFO] chunk 1/1,   loading 1/6:   mix_01_Piano.wav
2023-03-31 18:55:51,630 [DEBUG]  > random sampling input...
2023-03-31 18:55:51,749 [INFO] chunk 1/1,   loading 2/6:   mix_02_Bass.wav
2023-03-31 18:55:52,008 [DEBUG]  > random sampling input...
2023-03-31 18:55:52,120 [INFO] chunk 1/1,   loading 3/6:   mix_03_Soprano.wav
2023-03-31 18:55:52,377 [DEBUG]  > random sampling input...
2023-03-31 18:55:52,491 [INFO] chunk 1/1,   loading 4/6:   mix_04_Alto.wav
2023-03-31 18:55:52,747 [DEBUG]  > random sampling input...
2023-03-31 18:55:52,862 [INFO] chunk 1/1,   loading 5/6:   mix_05_Tenor.wav
2023-03-31 18:55:53,118 [DEBUG]  > random sampling input...
2023-03-31 18:55:53,231 [INFO] chunk 1/1,   loading 6/6:   mix_06_Baryton.wav
2023-03-31 18:55:53,485 [DEBUG]  > random sampling input...
2023-03-31 18:55:53,711 [INFO] INPUT MATRIX DIMENSIONS: F = 2049 bins, T = 512 frames, I = 6 mics
2023-03-31 18:55:53,714 [INFO] Normalizing data...
2023-03-31 18:55:53,865 [CRITICAL] Traceback (most recent call last):
  File "/home/rajesh/Desktop/mirapie-master/mirapie.py", line 73, in get_instructions
    return mr.actions[args["mode"]](mr)
  File "/home/rajesh/Desktop/mirapie-master/mira.py", line 318, in remove_interference_fulltrack
    self.input_normalization()
  File "/home/rajesh/Desktop/mirapie-master/mira.py", line 595, in input_normalization
    tmpX, tmpGains = zip(*Parallel(n_jobs=JOBLIB_NCORES, backend="spark", temp_folder=JOBLIB_TEMPFOLDER)
  File "/home/rajesh/.local/lib/python3.10/site-packages/joblib/parallel.py", line 699, in __init__
    backend = backend_factory(nesting_level=nesting_level)
  File "/home/rajesh/anaconda3/envs/fMIRA/lib/python3.10/site-packages/joblibspark/backend.py", line 72, in __init__
    .getOrCreate()
  File "/home/rajesh/anaconda3/envs/fMIRA/lib/python3.10/site-packages/pyspark/sql/session.py", line 269, in getOrCreate
    sc = SparkContext.getOrCreate(sparkConf)
  File "/home/rajesh/anaconda3/envs/fMIRA/lib/python3.10/site-packages/pyspark/context.py", line 483, in getOrCreate
    SparkContext(conf=conf or SparkConf())
  File "/home/rajesh/anaconda3/envs/fMIRA/lib/python3.10/site-packages/pyspark/context.py", line 195, in __init__
    SparkContext._ensure_initialized(self, gateway=gateway, conf=conf)
  File "/home/rajesh/anaconda3/envs/fMIRA/lib/python3.10/site-packages/pyspark/context.py", line 417, in _ensure_initialized
    SparkContext._gateway = gateway or launch_gateway(conf)
  File "/home/rajesh/anaconda3/envs/fMIRA/lib/python3.10/site-packages/pyspark/java_gateway.py", line 106, in launch_gateway
    raise RuntimeError("Java gateway process exited before sending its port number")
RuntimeError: Java gateway process exited before sending its port number

2023-03-31 18:58:58,883 [INFO] MIRA inizialization
2023-03-31 18:58:58,885 [DEBUG] ... done.
2023-03-31 18:58:58,886 [INFO] Perform interference reduction per chunks: 2 chunk of 15 seconds each
2023-03-31 18:58:58,887 [INFO] interference matrix loaded
2023-03-31 18:58:58,887 [WARNING] Estimation of interference matrix
2023-03-31 18:58:58,887 [INFO] chunk 1/1,   loading 1/6:   mix_01_Piano.wav
2023-03-31 18:58:59,155 [DEBUG]  > random sampling input...
2023-03-31 18:58:59,265 [INFO] chunk 1/1,   loading 2/6:   mix_02_Bass.wav
2023-03-31 18:58:59,529 [DEBUG]  > random sampling input...
2023-03-31 18:58:59,651 [INFO] chunk 1/1,   loading 3/6:   mix_03_Soprano.wav
2023-03-31 18:58:59,911 [DEBUG]  > random sampling input...
2023-03-31 18:59:00,026 [INFO] chunk 1/1,   loading 4/6:   mix_04_Alto.wav
2023-03-31 18:59:00,291 [DEBUG]  > random sampling input...
2023-03-31 18:59:00,414 [INFO] chunk 1/1,   loading 5/6:   mix_05_Tenor.wav
2023-03-31 18:59:00,679 [DEBUG]  > random sampling input...
2023-03-31 18:59:00,813 [INFO] chunk 1/1,   loading 6/6:   mix_06_Baryton.wav
2023-03-31 18:59:01,071 [DEBUG]  > random sampling input...
2023-03-31 18:59:01,314 [INFO] INPUT MATRIX DIMENSIONS: F = 2049 bins, T = 512 frames, I = 6 mics
2023-03-31 18:59:01,317 [INFO] Normalizing data...
2023-03-31 18:59:01,478 [CRITICAL] Traceback (most recent call last):
  File "/home/rajesh/Desktop/mirapie-master/mirapie.py", line 73, in get_instructions
    return mr.actions[args["mode"]](mr)
  File "/home/rajesh/Desktop/mirapie-master/mira.py", line 318, in remove_interference_fulltrack
    self.input_normalization()
  File "/home/rajesh/Desktop/mirapie-master/mira.py", line 595, in input_normalization
    tmpX, tmpGains = zip(*Parallel(n_jobs=JOBLIB_NCORES, backend="spark", temp_folder=JOBLIB_TEMPFOLDER)
  File "/home/rajesh/.local/lib/python3.10/site-packages/joblib/parallel.py", line 699, in __init__
    backend = backend_factory(nesting_level=nesting_level)
  File "/home/rajesh/anaconda3/envs/fMIRA/lib/python3.10/site-packages/joblibspark/backend.py", line 72, in __init__
    .getOrCreate()
  File "/home/rajesh/anaconda3/envs/fMIRA/lib/python3.10/site-packages/pyspark/sql/session.py", line 269, in getOrCreate
    sc = SparkContext.getOrCreate(sparkConf)
  File "/home/rajesh/anaconda3/envs/fMIRA/lib/python3.10/site-packages/pyspark/context.py", line 483, in getOrCreate
    SparkContext(conf=conf or SparkConf())
  File "/home/rajesh/anaconda3/envs/fMIRA/lib/python3.10/site-packages/pyspark/context.py", line 195, in __init__
    SparkContext._ensure_initialized(self, gateway=gateway, conf=conf)
  File "/home/rajesh/anaconda3/envs/fMIRA/lib/python3.10/site-packages/pyspark/context.py", line 417, in _ensure_initialized
    SparkContext._gateway = gateway or launch_gateway(conf)
  File "/home/rajesh/anaconda3/envs/fMIRA/lib/python3.10/site-packages/pyspark/java_gateway.py", line 106, in launch_gateway
    raise RuntimeError("Java gateway process exited before sending its port number")
RuntimeError: Java gateway process exited before sending its port number

2023-03-31 18:59:36,704 [INFO] MIRA inizialization
2023-03-31 18:59:36,706 [DEBUG] ... done.
2023-03-31 18:59:36,707 [INFO] Perform interference reduction per chunks: 2 chunk of 15 seconds each
2023-03-31 18:59:36,708 [INFO] interference matrix loaded
2023-03-31 18:59:36,708 [WARNING] Estimation of interference matrix
2023-03-31 18:59:36,708 [INFO] chunk 1/1,   loading 1/6:   mix_01_Piano.wav
2023-03-31 18:59:36,960 [DEBUG]  > random sampling input...
2023-03-31 18:59:37,074 [INFO] chunk 1/1,   loading 2/6:   mix_02_Bass.wav
2023-03-31 18:59:37,328 [DEBUG]  > random sampling input...
2023-03-31 18:59:37,448 [INFO] chunk 1/1,   loading 3/6:   mix_03_Soprano.wav
2023-03-31 18:59:37,697 [DEBUG]  > random sampling input...
2023-03-31 18:59:37,809 [INFO] chunk 1/1,   loading 4/6:   mix_04_Alto.wav
2023-03-31 18:59:38,061 [DEBUG]  > random sampling input...
2023-03-31 18:59:38,169 [INFO] chunk 1/1,   loading 5/6:   mix_05_Tenor.wav
2023-03-31 18:59:38,428 [DEBUG]  > random sampling input...
2023-03-31 18:59:38,536 [INFO] chunk 1/1,   loading 6/6:   mix_06_Baryton.wav
2023-03-31 18:59:38,792 [DEBUG]  > random sampling input...
2023-03-31 18:59:39,020 [INFO] INPUT MATRIX DIMENSIONS: F = 2049 bins, T = 512 frames, I = 6 mics
2023-03-31 18:59:39,024 [INFO] Normalizing data...
2023-03-31 18:59:39,227 [CRITICAL] joblib.externals.loky.process_executor._RemoteTraceback: 
"""
Traceback (most recent call last):
  File "/home/rajesh/.local/lib/python3.10/site-packages/joblib/externals/loky/backend/queues.py", line 153, in _feed
    obj_ = dumps(obj, reducers=reducers)
  File "/home/rajesh/.local/lib/python3.10/site-packages/joblib/externals/loky/backend/reduction.py", line 271, in dumps
    dump(obj, buf, reducers=reducers, protocol=protocol)
  File "/home/rajesh/.local/lib/python3.10/site-packages/joblib/externals/loky/backend/reduction.py", line 264, in dump
    _LokyPickler(file, reducers=reducers, protocol=protocol).dump(obj)
  File "/home/rajesh/.local/lib/python3.10/site-packages/joblib/externals/cloudpickle/cloudpickle_fast.py", line 602, in dump
    return Pickler.dump(self, obj)
TypeError: cannot pickle 'weakref.ReferenceType' object
"""

The above exception was the direct cause of the following exception:

Traceback (most recent call last):
  File "/home/rajesh/Desktop/mirapie-master/mirapie.py", line 73, in get_instructions
    return mr.actions[args["mode"]](mr)
  File "/home/rajesh/Desktop/mirapie-master/mira.py", line 318, in remove_interference_fulltrack
    self.input_normalization()
  File "/home/rajesh/Desktop/mirapie-master/mira.py", line 597, in input_normalization
    tmpX, tmpGains = zip(*Parallel(n_jobs=JOBLIB_NCORES, backend=JOBLIB_BACKEND, temp_folder=JOBLIB_TEMPFOLDER)
  File "/home/rajesh/.local/lib/python3.10/site-packages/joblib/parallel.py", line 1056, in __call__
    self.retrieve()
  File "/home/rajesh/.local/lib/python3.10/site-packages/joblib/parallel.py", line 935, in retrieve
    self._output.extend(job.get(timeout=self.timeout))
  File "/home/rajesh/.local/lib/python3.10/site-packages/joblib/_parallel_backends.py", line 542, in wrap_future_result
    return future.result(timeout=timeout)
  File "/home/rajesh/anaconda3/envs/fMIRA/lib/python3.10/concurrent/futures/_base.py", line 458, in result
    return self.__get_result()
  File "/home/rajesh/anaconda3/envs/fMIRA/lib/python3.10/concurrent/futures/_base.py", line 403, in __get_result
    raise self._exception
_pickle.PicklingError: Could not pickle the task to send it to the workers.

2023-03-31 19:00:49,741 [INFO] MIRA inizialization
2023-03-31 19:00:49,743 [DEBUG] ... done.
2023-03-31 19:00:49,744 [INFO] Perform interference reduction per chunks: 2 chunk of 15 seconds each
2023-03-31 19:00:49,745 [INFO] interference matrix loaded
2023-03-31 19:00:49,745 [WARNING] Estimation of interference matrix
2023-03-31 19:00:49,745 [INFO] chunk 1/1,   loading 1/6:   mix_01_Piano.wav
2023-03-31 19:00:50,012 [DEBUG]  > random sampling input...
2023-03-31 19:00:50,127 [INFO] chunk 1/1,   loading 2/6:   mix_02_Bass.wav
2023-03-31 19:00:50,390 [DEBUG]  > random sampling input...
2023-03-31 19:00:50,500 [INFO] chunk 1/1,   loading 3/6:   mix_03_Soprano.wav
2023-03-31 19:00:50,758 [DEBUG]  > random sampling input...
2023-03-31 19:00:50,904 [INFO] chunk 1/1,   loading 4/6:   mix_04_Alto.wav
2023-03-31 19:00:51,178 [DEBUG]  > random sampling input...
2023-03-31 19:00:51,290 [INFO] chunk 1/1,   loading 5/6:   mix_05_Tenor.wav
2023-03-31 19:00:51,553 [DEBUG]  > random sampling input...
2023-03-31 19:00:51,664 [INFO] chunk 1/1,   loading 6/6:   mix_06_Baryton.wav
2023-03-31 19:00:51,926 [DEBUG]  > random sampling input...
2023-03-31 19:00:52,147 [INFO] INPUT MATRIX DIMENSIONS: F = 2049 bins, T = 512 frames, I = 6 mics
2023-03-31 19:00:52,150 [INFO] Normalizing data...
2023-03-31 19:00:52,354 [CRITICAL] joblib.externals.loky.process_executor._RemoteTraceback: 
"""
Traceback (most recent call last):
  File "/home/rajesh/.local/lib/python3.10/site-packages/joblib/externals/loky/backend/queues.py", line 153, in _feed
    obj_ = dumps(obj, reducers=reducers)
  File "/home/rajesh/.local/lib/python3.10/site-packages/joblib/externals/loky/backend/reduction.py", line 271, in dumps
    dump(obj, buf, reducers=reducers, protocol=protocol)
  File "/home/rajesh/.local/lib/python3.10/site-packages/joblib/externals/loky/backend/reduction.py", line 264, in dump
    _LokyPickler(file, reducers=reducers, protocol=protocol).dump(obj)
  File "/home/rajesh/.local/lib/python3.10/site-packages/joblib/externals/cloudpickle/cloudpickle_fast.py", line 602, in dump
    return Pickler.dump(self, obj)
TypeError: cannot pickle 'weakref.ReferenceType' object
"""

The above exception was the direct cause of the following exception:

Traceback (most recent call last):
  File "/home/rajesh/Desktop/mirapie-master/mirapie.py", line 73, in get_instructions
    return mr.actions[args["mode"]](mr)
  File "/home/rajesh/Desktop/mirapie-master/mira.py", line 318, in remove_interference_fulltrack
    self.input_normalization()
  File "/home/rajesh/Desktop/mirapie-master/mira.py", line 597, in input_normalization
    tmpX, tmpGains = zip(*Parallel(n_jobs=JOBLIB_NCORES, backend=JOBLIB_BACKEND, temp_folder=JOBLIB_TEMPFOLDER)
  File "/home/rajesh/.local/lib/python3.10/site-packages/joblib/parallel.py", line 1056, in __call__
    self.retrieve()
  File "/home/rajesh/.local/lib/python3.10/site-packages/joblib/parallel.py", line 935, in retrieve
    self._output.extend(job.get(timeout=self.timeout))
  File "/home/rajesh/.local/lib/python3.10/site-packages/joblib/_parallel_backends.py", line 542, in wrap_future_result
    return future.result(timeout=timeout)
  File "/home/rajesh/anaconda3/envs/fMIRA/lib/python3.10/concurrent/futures/_base.py", line 458, in result
    return self.__get_result()
  File "/home/rajesh/anaconda3/envs/fMIRA/lib/python3.10/concurrent/futures/_base.py", line 403, in __get_result
    raise self._exception
_pickle.PicklingError: Could not pickle the task to send it to the workers.

